[2025-08-07 01:05:09] ERROR: Error seeding admin Name must start with a capital letter, contain only letters, and be max 15 characters
[2025-08-07 01:06:14] ERROR: Error seeding admin Password must be 8–16 characters and include 1 uppercase, 1 lowercase, 1 number, and 1 special character
[2025-08-07 01:07:06] ERROR: Error seeding admin Password must be 8–16 characters and include 1 uppercase, 1 lowercase, 1 number, and 1 special character
[2025-08-07 01:07:55] ERROR: Error seeding admin Password must be 8–16 characters and include 1 uppercase, 1 lowercase, 1 number, and 1 special character
[2025-08-07 01:12:26] INFO: admin created :admin@eventhub.com
[2025-08-07 09:22:27] INFO: Admin already exists: admin@eventhub.com
[2025-08-07 09:23:41] INFO: admin created :admin@eventhub.com
[2025-08-07 12:17:14] INFO: Admin already exists: admin@eventhub.com
[2025-08-07 12:17:34] ERROR: Error seeding admin Password must be 8–16 characters and include 1 uppercase, 1 lowercase, 1 number, and 1 special character
[2025-08-07 12:19:24] ERROR: Error seeding admin Password must be 8–16 characters and include 1 uppercase, 1 lowercase, 1 number, and 1 special character
[2025-08-07 12:19:51] INFO: admin created :admin@eventhub.com
[2025-08-07 17:06:15] INFO: admin created :admin@eventhub.com
[2025-08-07 17:11:30] INFO: admin created :admin@eventhub.com
[2025-08-07 18:10:41] INFO: admin created :admin@eventhub.com
[2025-08-12 06:30:38] INFO: Updating user with ID:6899d6658cf884fb6ecd20a4
[2025-08-12 06:30:38] INFO: User updated successfully :6899d6658cf884fb6ecd20a4
[2025-08-12 06:30:40] INFO: Updating user with ID:6899d6658cf884fb6ecd20a4
[2025-08-12 06:30:40] INFO: User updated successfully :6899d6658cf884fb6ecd20a4
[2025-08-12 06:30:43] INFO: Updating user with ID:6899d6658cf884fb6ecd20a4
[2025-08-12 06:30:43] INFO: User updated successfully :6899d6658cf884fb6ecd20a4
[2025-08-12 06:35:12] INFO: Updating user with ID:6899d6658cf884fb6ecd20a4
[2025-08-12 06:35:12] INFO: User updated successfully :6899d6658cf884fb6ecd20a4
[2025-08-12 06:35:14] INFO: Updating user with ID:6899d6658cf884fb6ecd20a4
[2025-08-12 06:35:14] INFO: User updated successfully :6899d6658cf884fb6ecd20a4
[2025-08-12 06:35:15] INFO: Updating user with ID:6899d6658cf884fb6ecd20a4
[2025-08-12 06:35:15] INFO: User updated successfully :6899d6658cf884fb6ecd20a4
[2025-08-12 06:35:17] INFO: Updating user with ID:6899d6658cf884fb6ecd20a4
[2025-08-12 06:35:17] INFO: User updated successfully :6899d6658cf884fb6ecd20a4
[2025-08-12 06:38:54] INFO: Updating user with ID:689a93b9591cc9f90460567c
[2025-08-12 06:38:54] INFO: User updated successfully :689a93b9591cc9f90460567c
[2025-08-12 06:38:56] INFO: Updating user with ID:689a93b9591cc9f90460567c
[2025-08-12 06:38:56] INFO: User updated successfully :689a93b9591cc9f90460567c
[2025-08-12 12:40:53] INFO: Updating user with ID:689ae12da75c7f75fc9f9c1e
[2025-08-12 12:40:54] INFO: User updated successfully :689ae12da75c7f75fc9f9c1e
[2025-08-12 12:40:55] INFO: Updating user with ID:689a9cdc52a08bf943644328
[2025-08-12 12:40:56] INFO: User updated successfully :689a9cdc52a08bf943644328
[2025-08-12 12:40:59] INFO: Updating user with ID:6899d6658cf884fb6ecd20a4
[2025-08-12 12:40:59] INFO: User updated successfully :6899d6658cf884fb6ecd20a4
[2025-08-12 12:41:02] INFO: Updating user with ID:6899d6658cf884fb6ecd20a4
[2025-08-12 12:41:02] INFO: User updated successfully :6899d6658cf884fb6ecd20a4
[2025-08-12 12:56:53] INFO: Updating user with ID:689ae12da75c7f75fc9f9c1e
[2025-08-12 12:56:53] ERROR: User with Id 689ae12da75c7f75fc9f9c1e not found
[2025-08-12 12:57:53] INFO: Updating user with ID:689ae12da75c7f75fc9f9c1e
[2025-08-12 12:57:53] ERROR: User with Id 689ae12da75c7f75fc9f9c1e not found
[2025-08-12 12:58:58] INFO: Updating user with ID:689ae12da75c7f75fc9f9c1e
[2025-08-12 12:58:58] ERROR: User with Id 689ae12da75c7f75fc9f9c1e not found
[2025-08-12 12:59:42] INFO: Updating user with ID:689ae12da75c7f75fc9f9c1e
[2025-08-12 12:59:42] ERROR: User with Id 689ae12da75c7f75fc9f9c1e not found
[2025-08-12 13:02:35] INFO: Updating user with ID:689ae12da75c7f75fc9f9c1e
[2025-08-12 13:02:35] ERROR: User with Id 689ae12da75c7f75fc9f9c1e not found
[2025-08-12 13:03:09] INFO: Updating user with ID:689ae12da75c7f75fc9f9c1e
[2025-08-12 13:03:09] ERROR: User with Id 689ae12da75c7f75fc9f9c1e not found
[2025-08-12 13:05:20] INFO: Updating user with ID:6899d6658cf884fb6ecd20a4
[2025-08-12 13:05:20] INFO: User updated successfully :6899d6658cf884fb6ecd20a4
[2025-08-12 13:50:30] INFO: Updating user with ID:6899d6658cf884fb6ecd20a4
[2025-08-12 13:50:30] INFO: User updated successfully :6899d6658cf884fb6ecd20a4
[2025-08-12 13:50:37] INFO: Updating user with ID:6899d6658cf884fb6ecd20a4
[2025-08-12 13:50:37] INFO: User updated successfully :6899d6658cf884fb6ecd20a4
[2025-08-12 15:30:04] INFO: Updating user with ID:6899d6658cf884fb6ecd20a4
[2025-08-12 15:30:04] INFO: User updated successfully :6899d6658cf884fb6ecd20a4
[2025-08-12 15:30:51] INFO: Updating user with ID:6899d6658cf884fb6ecd20a4
[2025-08-12 15:30:51] INFO: User updated successfully :6899d6658cf884fb6ecd20a4
[2025-08-12 15:34:30] INFO: Updating user with ID:6899d6658cf884fb6ecd20a4
[2025-08-12 15:34:30] INFO: User updated successfully :6899d6658cf884fb6ecd20a4
[2025-08-12 15:34:37] INFO: Updating user with ID:6899d6658cf884fb6ecd20a4
[2025-08-12 15:34:37] INFO: User updated successfully :6899d6658cf884fb6ecd20a4
[2025-08-12 15:36:55] INFO: Updating user with ID:6899d6658cf884fb6ecd20a4
[2025-08-12 15:36:55] INFO: User updated successfully :6899d6658cf884fb6ecd20a4
[2025-08-16 10:23:30] INFO: User with email getvishnuvs@gmail.com is going to resetPassword
[2025-08-16 10:25:02] INFO: User with email getvishnuvs@gmail.com is going to resetPassword
[2025-08-16 10:26:38] INFO: User with email getvishnuvs@gmail.com is going to resetPassword
[2025-08-16 10:27:51] INFO: User with email getvishnuvs@gmail.com is going to resetPassword
[2025-08-16 10:31:14] INFO: User with email getvishnuvs@gmail.com is going to resetPassword
[2025-08-16 10:31:32] INFO: User with email getvishnuvs@gmail.com is going to resetPassword
[2025-08-16 10:33:06] INFO: User with email getvishnuvs@gmail.com is going to resetPassword
[2025-08-16 10:33:21] INFO: User with email getvishnuvs@gmail.com is going to resetPassword
[2025-08-16 10:34:18] INFO: User with email getvishnuvs@gmail.com is going to resetPassword
[2025-08-16 10:35:11] INFO: User with email getvishnuvs@gmail.com is going to resetPassword
[2025-08-16 10:44:38] INFO: User with email getvishnuvs@gmail.com is going to resetPassword
[2025-08-16 10:46:55] INFO: User with email getvishnuvs@gmail.com is going to resetPassword
[2025-08-16 10:49:40] INFO: User with email getvishnuvs@gmail.com is going to resetPassword
[2025-08-16 10:51:58] INFO: User with email getvishnuvs@gmail.com is going to resetPassword
[2025-08-16 18:35:24] INFO: User with email getvishnuvs@gmail.com is going to resetPassword
[2025-08-16 18:37:41] INFO: User with email getvishnuvs@gmail.com is going to resetPassword
[2025-08-16 18:44:01] INFO: User with email getvishnuvs@gmail.com is going to resetPassword
[2025-08-16 18:46:05] INFO: User with email getvishnuvs@gmail.com is going to resetPassword
[2025-08-17 11:34:08] INFO: User with email getvishnuvs@gmail.com is going to resetPassword
[2025-08-17 11:56:30] INFO: User with email getvishnuvs@gmail.com is going to resetPassword
[2025-08-17 17:08:39] INFO: User with email getvishnuvs@gmail.com is going to resetPassword
[2025-08-17 17:14:52] INFO: User with email getvishnuvs@gmail.com is going to resetPassword
[2025-08-17 17:17:49] INFO: User with email getvishnuvs@gmail.com is going to resetPassword
[2025-08-17 17:18:09] INFO: User with email getvishnuvs@gmail.com is going to resetPassword
[2025-08-17 17:35:03] INFO: User with email getvishnuvs@gmail.com is going to resetPassword
[2025-08-17 17:36:39] INFO: User with email getvishnuvs@gmail.com is going to resetPassword
[2025-08-17 17:42:24] INFO: User with email getvishnuvs@gmail.com is going to resetPassword
[2025-08-17 17:48:37] INFO: User with email getvishnuvs@gmail.com is going to resetPassword
[2025-08-17 17:53:08] INFO: User with email getvishnuvs@gmail.com is going to resetPassword
[2025-08-17 17:57:00] INFO: User with email getvishnuvs@gmail.com is going to resetPassword
[2025-08-17 18:19:27] INFO: User with email getvishnuvs@gmail.com is going to resetPassword
[2025-08-17 18:24:11] INFO: User with email getvishnuvs@gmail.com is going to resetPassword
[2025-08-17 18:26:35] INFO: User with email getvishnuvs@gmail.com is going to resetPassword
[2025-08-17 18:30:19] INFO: User with email getvishnuvs@gmail.com is going to resetPassword
[2025-08-17 18:32:18] INFO: User with email getvishnuvs@gmail.com is going to resetPassword
[2025-08-17 18:41:57] INFO: User with email getvishnuvs@gmail.com is going to resetPassword
[2025-08-17 19:15:57] INFO: User with email getvishnuvs@gmail.com is going to resetPassword
[2025-08-17 20:56:29] INFO: User with email getvishnuvs@gmail.com is going to resetPassword
[2025-08-17 20:57:33] INFO: User with email getvishnuvs@gmail.com is going to resetPassword
[2025-08-17 21:53:08] INFO: User with email getvishnuvs@gmail.com is going to resetPassword
[2025-08-17 21:53:47] INFO: User with email getvishnuvs@gmail.com is going to resetPassword
[2025-08-17 21:54:51] INFO: User with email getvishnuvs@gmail.com is going to resetPassword
[2025-08-17 21:58:24] INFO: User with email getvishnuvs@gmail.com is going to resetPassword
[2025-08-17 22:03:35] INFO: User with email getvishnuvs@gmail.com is going to resetPassword
[2025-08-17 22:09:27] INFO: User with email getvishnuvs@gmail.com is going to resetPassword
[2025-08-17 22:24:59] INFO: User with email getvishnuvs@gmail.com is going to resetPassword
[2025-08-17 22:33:39] INFO: User with email getvishnuvs@gmail.com is going to resetPassword
[2025-08-17 22:34:28] INFO: is token  verified [object Object]
[2025-08-17 22:34:28] INFO: Password change attempt for getvishnuvs@gmail.com
[2025-08-17 22:34:28] INFO: Updating user with email :getvishnuvs@gmail.com
[2025-08-17 22:36:11] INFO: is token  verified [object Object]
[2025-08-17 22:36:11] INFO: Password change attempt for getvishnuvs@gmail.com
[2025-08-17 22:36:11] INFO: Updating user with email :getvishnuvs@gmail.com
[2025-08-17 22:38:23] INFO: User with email getvishnuvs@gmail.com is going to resetPassword
[2025-08-17 22:39:08] INFO: is token  verified [object Object]
[2025-08-17 22:39:08] INFO: Password change attempt for getvishnuvs@gmail.com
[2025-08-17 22:39:08] INFO: Updating user with email :getvishnuvs@gmail.com
[2025-08-17 22:39:59] INFO: is token  verified [object Object]
[2025-08-17 22:39:59] INFO: Password change attempt for getvishnuvs@gmail.com
[2025-08-17 22:39:59] INFO: Updating user with email :getvishnuvs@gmail.com
[2025-08-17 22:42:23] INFO: is token  verified [object Object]
[2025-08-17 22:42:23] INFO: Password change attempt for getvishnuvs@gmail.com
[2025-08-17 22:42:24] INFO: Updating user with email :getvishnuvs@gmail.com
[2025-08-17 22:53:38] INFO: User with email getvishnuvs@gmail.com is going to resetPassword
[2025-08-17 23:06:29] INFO: User with email getvishnuvs@gmail.com is going to resetPassword
[2025-08-17 23:08:08] INFO: User with email getvishnuvs@gmail.com is going to resetPassword
[2025-08-17 23:08:46] INFO: is token  verified [object Object]
[2025-08-17 23:08:46] INFO: Password change attempt for getvishnuvs@gmail.com
[2025-08-17 23:08:47] INFO: Updating user with email :getvishnuvs@gmail.com
[2025-08-17 23:09:48] INFO: User with email getvishnuvs@gmail.com is going to resetPassword
[2025-08-17 23:15:25] INFO: User with email getvishnuvs@gmail.com is going to resetPassword
[2025-08-17 23:17:34] INFO: is token  verified [object Object]
[2025-08-17 23:17:34] INFO: Password change attempt for getvishnuvs@gmail.com
[2025-08-17 23:17:34] INFO: Updating user with email :getvishnuvs@gmail.com
[2025-08-17 23:18:54] INFO: User with email getvishnuvs@gmail.com is going to resetPassword
[2025-08-17 23:19:38] INFO: is token  verified [object Object]
[2025-08-17 23:19:38] INFO: Password change attempt for getvishnuvs@gmail.com
[2025-08-17 23:19:38] INFO: Updating user with email :getvishnuvs@gmail.com
[2025-08-18 06:42:45] INFO: User with email getvishnuvs@gmail.com is going to resetPassword
[2025-08-18 06:44:06] INFO: is token  verified [object Object]
[2025-08-18 06:44:06] INFO: Password change attempt for getvishnuvs@gmail.com
[2025-08-18 06:44:06] INFO: Updating user with email :getvishnuvs@gmail.com
[2025-08-18 07:13:01] INFO: User with email getvishnuvs@gmail.com is going to resetPassword
[2025-08-18 07:13:54] INFO: is token  verified [object Object]
[2025-08-18 07:13:54] INFO: Password change attempt for getvishnuvs@gmail.com
[2025-08-18 07:13:54] INFO: Updating user with email :getvishnuvs@gmail.com
[2025-08-18 07:23:38] INFO: User with email getvishnuvs@gmail.com is going to resetPassword
[2025-08-18 07:25:54] INFO: is token  verified [object Object]
[2025-08-18 07:25:54] INFO: Password change attempt for getvishnuvs@gmail.com
[2025-08-18 07:25:55] INFO: Updating user with email :getvishnuvs@gmail.com
[2025-08-18 09:17:22] INFO: Updating user with ID:6899d6658cf884fb6ecd20a4
[2025-08-18 09:17:22] INFO: User updated successfully :6899d6658cf884fb6ecd20a4
[2025-08-18 09:17:28] INFO: Updating user with ID:6899d6658cf884fb6ecd20a4
[2025-08-18 09:17:28] INFO: User updated successfully :6899d6658cf884fb6ecd20a4
[2025-08-18 09:17:31] INFO: Updating user with ID:6899d6658cf884fb6ecd20a4
[2025-08-18 09:17:31] INFO: User updated successfully :6899d6658cf884fb6ecd20a4
[2025-08-18 09:17:32] INFO: Updating user with ID:6899d6658cf884fb6ecd20a4
[2025-08-18 09:17:32] INFO: User updated successfully :6899d6658cf884fb6ecd20a4
[2025-08-18 09:17:34] INFO: Updating user with ID:6899d6658cf884fb6ecd20a4
[2025-08-18 09:17:34] INFO: User updated successfully :6899d6658cf884fb6ecd20a4
[2025-08-18 09:17:34] INFO: Updating user with ID:6899d6658cf884fb6ecd20a4
[2025-08-18 09:17:34] INFO: User updated successfully :6899d6658cf884fb6ecd20a4
[2025-08-18 13:57:54] INFO: Updating user with ID:6899d6658cf884fb6ecd20a4
[2025-08-18 13:57:54] INFO: User updated successfully :6899d6658cf884fb6ecd20a4
[2025-08-18 13:57:55] INFO: Updating user with ID:6899d6658cf884fb6ecd20a4
[2025-08-18 13:57:55] INFO: User updated successfully :6899d6658cf884fb6ecd20a4
[2025-08-18 15:38:14] INFO: Updating user with ID:6899d6658cf884fb6ecd20a4
[2025-08-18 15:38:14] INFO: User updated successfully :6899d6658cf884fb6ecd20a4
[2025-08-18 15:38:16] INFO: Updating user with ID:6899d6658cf884fb6ecd20a4
[2025-08-18 15:38:16] INFO: User updated successfully :6899d6658cf884fb6ecd20a4
[2025-08-18 15:39:09] INFO: Updating user with ID:6899d6658cf884fb6ecd20a4
[2025-08-18 15:39:09] INFO: User updated successfully :6899d6658cf884fb6ecd20a4
[2025-08-18 15:39:20] INFO: Updating user with ID:6899d6658cf884fb6ecd20a4
[2025-08-18 15:39:20] INFO: User updated successfully :6899d6658cf884fb6ecd20a4
[2025-08-18 15:39:31] INFO: Updating user with ID:6899d6658cf884fb6ecd20a4
[2025-08-18 15:39:31] INFO: User updated successfully :6899d6658cf884fb6ecd20a4
[2025-08-18 17:40:12] INFO: Updating user with ID:6899d6658cf884fb6ecd20a4
[2025-08-18 17:40:13] INFO: User updated successfully :6899d6658cf884fb6ecd20a4
[2025-08-18 22:36:05] INFO: User with email getvishnuvs@gmail.com is going to resetPassword
[2025-08-18 22:36:47] INFO: is token  verified [object Object]
[2025-08-18 22:36:47] INFO: Password change attempt for getvishnuvs@gmail.com
[2025-08-18 22:36:47] INFO: Updating user with email :getvishnuvs@gmail.com
[2025-08-20 10:03:34] INFO: Updating user with ID:6899d6658cf884fb6ecd20a4
[2025-08-20 10:03:34] INFO: User updated successfully :6899d6658cf884fb6ecd20a4
[2025-08-21 09:35:48] INFO: Updating user with ID:689af8e7bac561b48ea34b39
[2025-08-21 09:35:48] INFO: User updated successfully :689af8e7bac561b48ea34b39
[2025-08-21 09:46:49] INFO: Updating user with ID:689af8e7bac561b48ea34b39
[2025-08-21 09:46:49] INFO: User updated successfully :689af8e7bac561b48ea34b39
[2025-08-21 10:44:45] INFO: Updating user with ID:689af8e7bac561b48ea34b39
[2025-08-21 10:44:45] INFO: User updated successfully :689af8e7bac561b48ea34b39
[2025-08-21 14:29:45] INFO: Updating user with ID:689af8e7bac561b48ea34b39
[2025-08-21 14:29:45] INFO: User updated successfully :689af8e7bac561b48ea34b39
[2025-08-21 14:33:47] INFO: Updating user with ID:689af8e7bac561b48ea34b39
[2025-08-21 14:33:48] INFO: User updated successfully :689af8e7bac561b48ea34b39
[2025-08-21 14:36:53] INFO: Updating user with ID:689af8e7bac561b48ea34b39
[2025-08-21 14:36:57] INFO: User updated successfully :689af8e7bac561b48ea34b39
[2025-08-21 14:37:00] INFO: Updating user with ID:689af8e7bac561b48ea34b39
[2025-08-21 14:37:00] INFO: User updated successfully :689af8e7bac561b48ea34b39
[2025-08-21 14:43:59] INFO: Updating user with ID:689af8e7bac561b48ea34b39
[2025-08-21 14:43:59] INFO: User updated successfully :689af8e7bac561b48ea34b39
[2025-08-21 14:44:04] INFO: Updating user with ID:689af8e7bac561b48ea34b39
[2025-08-21 14:44:04] INFO: User updated successfully :689af8e7bac561b48ea34b39
[2025-08-21 14:53:50] INFO: Updating user with ID:689af8e7bac561b48ea34b39
[2025-08-21 14:53:53] INFO: User updated successfully :689af8e7bac561b48ea34b39
[2025-08-21 15:04:04] INFO: Updating user with ID:689af8e7bac561b48ea34b39
[2025-08-21 15:04:04] INFO: User updated successfully :689af8e7bac561b48ea34b39
[2025-08-21 15:06:41] INFO: Updating user with ID:689af8e7bac561b48ea34b39
[2025-08-21 15:06:41] INFO: User updated successfully :689af8e7bac561b48ea34b39
[2025-08-21 15:06:51] INFO: Updating user with ID:689af8e7bac561b48ea34b39
[2025-08-21 15:06:51] INFO: User updated successfully :689af8e7bac561b48ea34b39
[2025-08-21 15:52:44] INFO: Updating user with ID:689af8e7bac561b48ea34b39
[2025-08-21 15:52:44] INFO: User updated successfully :689af8e7bac561b48ea34b39
[2025-08-22 15:21:34] INFO: Updating user with ID:689af8e7bac561b48ea34b39
[2025-08-22 15:21:34] INFO: User updated successfully :689af8e7bac561b48ea34b39
[2025-08-22 15:24:11] INFO: Updating user with ID:689af8e7bac561b48ea34b39
[2025-08-22 15:24:11] INFO: User updated successfully :689af8e7bac561b48ea34b39
[2025-08-22 15:31:01] INFO: Updating user with ID:689af8e7bac561b48ea34b39
[2025-08-22 15:31:01] INFO: User updated successfully :689af8e7bac561b48ea34b39
[2025-08-22 15:38:23] INFO: Updating user with ID:689af8e7bac561b48ea34b39
[2025-08-22 15:38:23] INFO: User updated successfully :689af8e7bac561b48ea34b39
[2025-08-22 15:38:37] INFO: Updating user with ID:689af8e7bac561b48ea34b39
[2025-08-22 15:39:45] INFO: Updating user with ID:689af8e7bac561b48ea34b39
[2025-08-22 15:39:45] INFO: User updated successfully :689af8e7bac561b48ea34b39
[2025-08-22 15:40:31] INFO: Updating user with ID:689af8e7bac561b48ea34b39
[2025-08-22 15:40:31] INFO: User updated successfully :689af8e7bac561b48ea34b39
[2025-08-22 15:40:38] INFO: Updating user with ID:689af8e7bac561b48ea34b39
[2025-08-22 15:40:38] INFO: User updated successfully :689af8e7bac561b48ea34b39
[2025-08-22 15:42:51] INFO: Updating user with ID:689af8e7bac561b48ea34b39
[2025-08-22 15:42:51] INFO: User updated successfully :689af8e7bac561b48ea34b39
[2025-08-22 15:44:38] INFO: Updating user with ID:689af8e7bac561b48ea34b39
[2025-08-22 15:44:38] INFO: User updated successfully :689af8e7bac561b48ea34b39
[2025-08-22 15:46:34] INFO: Updating user with ID:689af8e7bac561b48ea34b39
[2025-08-22 15:46:34] INFO: User updated successfully :689af8e7bac561b48ea34b39
[2025-08-22 15:46:45] INFO: Updating user with ID:689af8e7bac561b48ea34b39
[2025-08-22 15:46:45] INFO: User updated successfully :689af8e7bac561b48ea34b39
[2025-08-22 15:49:28] INFO: Updating user with ID:689af8e7bac561b48ea34b39
[2025-08-22 15:49:28] INFO: User updated successfully :689af8e7bac561b48ea34b39
[2025-08-22 15:49:37] INFO: Updating user with ID:689af8e7bac561b48ea34b39
[2025-08-22 15:49:37] INFO: User updated successfully :689af8e7bac561b48ea34b39
[2025-08-22 15:53:56] INFO: Updating user with ID:689af8e7bac561b48ea34b39
[2025-08-22 15:53:56] INFO: User updated successfully :689af8e7bac561b48ea34b39
[2025-08-22 15:54:03] INFO: Updating user with ID:689af8e7bac561b48ea34b39
[2025-08-22 15:54:03] INFO: User updated successfully :689af8e7bac561b48ea34b39
[2025-08-22 15:55:37] INFO: Updating user with ID:689af8e7bac561b48ea34b39
[2025-08-22 15:55:37] INFO: User updated successfully :689af8e7bac561b48ea34b39
[2025-08-22 15:55:45] INFO: Updating user with ID:689af8e7bac561b48ea34b39
[2025-08-22 15:55:45] INFO: User updated successfully :689af8e7bac561b48ea34b39
[2025-08-22 15:56:05] INFO: Updating user with ID:689af8e7bac561b48ea34b39
[2025-08-22 15:56:05] INFO: User updated successfully :689af8e7bac561b48ea34b39
[2025-08-22 15:57:54] INFO: Updating user with ID:689af8e7bac561b48ea34b39
[2025-08-22 15:57:54] INFO: User updated successfully :689af8e7bac561b48ea34b39
[2025-08-22 15:58:01] INFO: Updating user with ID:689af8e7bac561b48ea34b39
[2025-08-22 15:58:01] INFO: User updated successfully :689af8e7bac561b48ea34b39
[2025-08-22 15:58:46] INFO: Updating user with ID:689af8e7bac561b48ea34b39
[2025-08-22 15:58:46] INFO: User updated successfully :689af8e7bac561b48ea34b39
[2025-08-22 16:00:06] INFO: Updating user with ID:689af8e7bac561b48ea34b39
[2025-08-22 16:00:06] INFO: User updated successfully :689af8e7bac561b48ea34b39
[2025-08-22 16:00:55] INFO: Updating user with ID:689af8e7bac561b48ea34b39
[2025-08-22 16:00:55] INFO: User updated successfully :689af8e7bac561b48ea34b39
[2025-08-22 16:01:07] INFO: Updating user with ID:689af8e7bac561b48ea34b39
[2025-08-22 16:01:07] INFO: User updated successfully :689af8e7bac561b48ea34b39
[2025-08-22 16:01:18] INFO: Updating user with ID:689af8e7bac561b48ea34b39
[2025-08-22 16:01:18] INFO: User updated successfully :689af8e7bac561b48ea34b39
[2025-08-22 16:02:56] INFO: Updating user with ID:689af8e7bac561b48ea34b39
[2025-08-22 16:02:56] INFO: User updated successfully :689af8e7bac561b48ea34b39
[2025-08-22 16:03:09] INFO: Updating user with ID:689af8e7bac561b48ea34b39
[2025-08-22 16:03:09] INFO: User updated successfully :689af8e7bac561b48ea34b39
[2025-08-22 16:03:16] INFO: Updating user with ID:689af8e7bac561b48ea34b39
[2025-08-22 16:03:16] INFO: User updated successfully :689af8e7bac561b48ea34b39
[2025-08-22 16:03:46] INFO: Updating user with ID:689af8e7bac561b48ea34b39
[2025-08-22 16:03:46] INFO: User updated successfully :689af8e7bac561b48ea34b39
[2025-08-22 16:03:53] INFO: Updating user with ID:689af8e7bac561b48ea34b39
[2025-08-22 16:03:53] INFO: User updated successfully :689af8e7bac561b48ea34b39
[2025-08-22 16:06:38] INFO: Updating user with ID:689af8e7bac561b48ea34b39
[2025-08-22 16:06:38] INFO: User updated successfully :689af8e7bac561b48ea34b39
[2025-08-22 18:33:07] INFO: Updating user with ID:689af8e7bac561b48ea34b39
[2025-08-22 18:33:07] INFO: User updated successfully :689af8e7bac561b48ea34b39
[2025-08-22 18:35:32] INFO: Updating user with ID:689af8e7bac561b48ea34b39
[2025-08-22 18:35:32] INFO: User updated successfully :689af8e7bac561b48ea34b39
[2025-08-22 22:49:06] INFO: Updating user with ID:689af8e7bac561b48ea34b39
[2025-08-22 22:49:06] INFO: User updated successfully :689af8e7bac561b48ea34b39
[2025-08-22 22:49:15] INFO: Updating user with ID:689af8e7bac561b48ea34b39
[2025-08-22 22:49:15] INFO: User updated successfully :689af8e7bac561b48ea34b39
[2025-08-22 22:49:22] INFO: Updating user with ID:689af8e7bac561b48ea34b39
[2025-08-22 22:49:22] INFO: User updated successfully :689af8e7bac561b48ea34b39
[2025-08-22 22:49:29] INFO: Updating user with ID:689af8e7bac561b48ea34b39
[2025-08-22 22:49:29] INFO: User updated successfully :689af8e7bac561b48ea34b39
[2025-08-22 22:49:48] INFO: Updating user with ID:689af8e7bac561b48ea34b39
[2025-08-22 22:49:48] INFO: User updated successfully :689af8e7bac561b48ea34b39
[2025-08-22 22:50:19] INFO: Updating user with ID:689af8e7bac561b48ea34b39
[2025-08-22 22:50:19] INFO: User updated successfully :689af8e7bac561b48ea34b39
[2025-08-22 23:05:08] INFO: Updating user with ID:689af8e7bac561b48ea34b39
[2025-08-22 23:05:08] INFO: User updated successfully :689af8e7bac561b48ea34b39
[2025-08-22 23:05:17] INFO: Updating user with ID:689af8e7bac561b48ea34b39
[2025-08-22 23:05:17] INFO: User updated successfully :689af8e7bac561b48ea34b39
[2025-08-22 23:05:24] INFO: Updating user with ID:6899d6658cf884fb6ecd20a4
[2025-08-22 23:05:24] INFO: User updated successfully :6899d6658cf884fb6ecd20a4
[2025-08-22 23:17:13] INFO: Updating user with ID:689af8e7bac561b48ea34b39
[2025-08-22 23:17:13] INFO: User updated successfully :689af8e7bac561b48ea34b39
[2025-08-22 23:17:59] INFO: Updating user with ID:689af8e7bac561b48ea34b39
[2025-08-22 23:17:59] INFO: User updated successfully :689af8e7bac561b48ea34b39
[2025-08-22 23:18:24] INFO: Updating user with ID:689af8e7bac561b48ea34b39
[2025-08-22 23:18:24] INFO: User updated successfully :689af8e7bac561b48ea34b39
[2025-08-22 23:18:39] INFO: Updating user with ID:689af8e7bac561b48ea34b39
[2025-08-22 23:18:39] INFO: User updated successfully :689af8e7bac561b48ea34b39
[2025-08-22 23:23:22] INFO: Updating user with ID:689af8e7bac561b48ea34b39
[2025-08-22 23:23:22] INFO: User updated successfully :689af8e7bac561b48ea34b39
[2025-08-22 23:23:46] INFO: Updating user with ID:689af8e7bac561b48ea34b39
[2025-08-22 23:23:46] INFO: User updated successfully :689af8e7bac561b48ea34b39
[2025-08-22 23:25:35] INFO: Updating user with ID:689af8e7bac561b48ea34b39
[2025-08-22 23:25:35] INFO: User updated successfully :689af8e7bac561b48ea34b39
[2025-08-22 23:25:40] INFO: Updating user with ID:689af8e7bac561b48ea34b39
[2025-08-22 23:25:40] INFO: User updated successfully :689af8e7bac561b48ea34b39
[2025-08-22 23:27:36] INFO: Updating user with ID:689af8e7bac561b48ea34b39
[2025-08-22 23:27:36] INFO: User updated successfully :689af8e7bac561b48ea34b39
[2025-08-22 23:28:15] INFO: Updating user with ID:689af8e7bac561b48ea34b39
[2025-08-22 23:28:15] INFO: User updated successfully :689af8e7bac561b48ea34b39
[2025-08-22 23:30:29] INFO: Updating user with ID:689af8e7bac561b48ea34b39
[2025-08-22 23:30:29] INFO: User updated successfully :689af8e7bac561b48ea34b39
[2025-08-22 23:33:47] INFO: Updating user with ID:689af8e7bac561b48ea34b39
[2025-08-22 23:33:47] INFO: User updated successfully :689af8e7bac561b48ea34b39
[2025-08-22 23:34:47] INFO: Updating user with ID:689af8e7bac561b48ea34b39
[2025-08-22 23:34:47] INFO: User updated successfully :689af8e7bac561b48ea34b39
[2025-08-22 23:34:53] INFO: Updating user with ID:689af8e7bac561b48ea34b39
[2025-08-22 23:34:53] INFO: User updated successfully :689af8e7bac561b48ea34b39
[2025-08-22 23:37:10] INFO: Updating user with ID:689af8e7bac561b48ea34b39
[2025-08-22 23:37:11] INFO: User updated successfully :689af8e7bac561b48ea34b39
[2025-08-22 23:45:19] INFO: Updating user with ID:689af8e7bac561b48ea34b39
[2025-08-22 23:45:19] INFO: User updated successfully :689af8e7bac561b48ea34b39
[2025-08-22 23:47:10] INFO: Updating user with ID:689af8e7bac561b48ea34b39
[2025-08-22 23:47:10] INFO: User updated successfully :689af8e7bac561b48ea34b39
[2025-08-22 23:47:48] INFO: Updating user with ID:689af8e7bac561b48ea34b39
[2025-08-22 23:47:48] INFO: User updated successfully :689af8e7bac561b48ea34b39
[2025-08-22 23:48:50] INFO: Updating user with ID:689af8e7bac561b48ea34b39
[2025-08-22 23:48:50] INFO: User updated successfully :689af8e7bac561b48ea34b39
[2025-08-22 23:49:48] INFO: Updating user with ID:689af8e7bac561b48ea34b39
[2025-08-22 23:49:49] INFO: User updated successfully :689af8e7bac561b48ea34b39
[2025-08-22 23:50:58] INFO: Updating user with ID:689af8e7bac561b48ea34b39
[2025-08-22 23:50:58] INFO: User updated successfully :689af8e7bac561b48ea34b39
[2025-08-23 06:47:03] INFO: Updating user with ID:689af8e7bac561b48ea34b39
[2025-08-23 06:47:03] INFO: User updated successfully :689af8e7bac561b48ea34b39
[2025-08-23 07:41:43] INFO: Updating user with ID:689af8e7bac561b48ea34b39
[2025-08-23 07:41:43] INFO: User updated successfully :689af8e7bac561b48ea34b39
[2025-08-23 07:42:37] INFO: Updating user with ID:689af8e7bac561b48ea34b39
[2025-08-23 07:42:37] INFO: User updated successfully :689af8e7bac561b48ea34b39
[2025-08-23 09:49:23] INFO: Updating user with ID:689af8e7bac561b48ea34b39
[2025-08-23 09:49:23] INFO: User updated successfully :689af8e7bac561b48ea34b39
[2025-08-23 09:50:05] INFO: Updating user with ID:689af8e7bac561b48ea34b39
[2025-08-23 09:50:05] INFO: User updated successfully :689af8e7bac561b48ea34b39
[2025-08-23 09:53:21] INFO: Updating user with ID:6899d6658cf884fb6ecd20a4
[2025-08-23 09:53:21] INFO: User updated successfully :6899d6658cf884fb6ecd20a4
[2025-08-23 10:00:49] INFO: Updating user with ID:6899d6658cf884fb6ecd20a4
[2025-08-23 10:00:49] INFO: User updated successfully :6899d6658cf884fb6ecd20a4
[2025-08-23 10:02:12] INFO: Updating user with ID:6899d6658cf884fb6ecd20a4
[2025-08-23 10:02:12] INFO: User updated successfully :6899d6658cf884fb6ecd20a4
[2025-08-23 14:51:31] INFO: Updating user with ID:6899d6658cf884fb6ecd20a4
[2025-08-23 14:51:31] INFO: User updated successfully :6899d6658cf884fb6ecd20a4
[2025-08-23 14:52:03] INFO: Updating user with ID:6899d6658cf884fb6ecd20a4
[2025-08-23 14:52:03] INFO: User updated successfully :6899d6658cf884fb6ecd20a4
[2025-08-23 14:52:20] INFO: Updating user with ID:6899d6658cf884fb6ecd20a4
[2025-08-23 14:52:20] INFO: User updated successfully :6899d6658cf884fb6ecd20a4
[2025-08-23 14:56:25] INFO: Updating user with ID:6899d6658cf884fb6ecd20a4
[2025-08-23 14:56:25] INFO: User updated successfully :6899d6658cf884fb6ecd20a4
[2025-08-23 14:57:04] INFO: Updating user with ID:6899d6658cf884fb6ecd20a4
[2025-08-23 14:57:04] INFO: User updated successfully :6899d6658cf884fb6ecd20a4
[2025-08-23 14:59:31] INFO: Updating user with ID:6899d6658cf884fb6ecd20a4
[2025-08-23 14:59:31] INFO: User updated successfully :6899d6658cf884fb6ecd20a4
[2025-08-23 15:00:17] INFO: Updating user with ID:6899d6658cf884fb6ecd20a4
[2025-08-23 15:00:17] INFO: User updated successfully :6899d6658cf884fb6ecd20a4
[2025-08-23 15:05:45] INFO: Updating user with ID:6899d6658cf884fb6ecd20a4
[2025-08-23 15:05:45] INFO: User updated successfully :6899d6658cf884fb6ecd20a4
[2025-08-23 15:06:02] INFO: Updating user with ID:6899d6658cf884fb6ecd20a4
[2025-08-23 15:06:02] INFO: User updated successfully :6899d6658cf884fb6ecd20a4
[2025-08-23 15:06:16] INFO: Updating user with ID:6899d6658cf884fb6ecd20a4
[2025-08-23 15:06:16] INFO: User updated successfully :6899d6658cf884fb6ecd20a4
[2025-08-23 15:06:25] INFO: Updating user with ID:6899d6658cf884fb6ecd20a4
[2025-08-23 15:06:25] INFO: User updated successfully :6899d6658cf884fb6ecd20a4
[2025-08-23 15:07:50] INFO: Updating user with ID:6899d6658cf884fb6ecd20a4
[2025-08-23 15:07:50] INFO: User updated successfully :6899d6658cf884fb6ecd20a4
[2025-08-23 15:15:51] INFO: Updating user with ID:6899d6658cf884fb6ecd20a4
[2025-08-23 15:15:51] INFO: User updated successfully :6899d6658cf884fb6ecd20a4
[2025-08-23 15:25:25] INFO: Updating user with ID:6899d6658cf884fb6ecd20a4
[2025-08-23 15:25:25] INFO: User updated successfully :6899d6658cf884fb6ecd20a4
[2025-08-23 15:25:34] INFO: Updating user with ID:6899d6658cf884fb6ecd20a4
[2025-08-23 15:25:34] INFO: User updated successfully :6899d6658cf884fb6ecd20a4
[2025-08-23 15:31:34] INFO: Updating user with ID:6899d6658cf884fb6ecd20a4
[2025-08-23 15:31:34] INFO: User updated successfully :6899d6658cf884fb6ecd20a4
[2025-08-23 15:31:40] INFO: Updating user with ID:6899d6658cf884fb6ecd20a4
[2025-08-23 15:31:40] INFO: User updated successfully :6899d6658cf884fb6ecd20a4
[2025-08-23 15:31:59] INFO: Updating user with ID:6899d6658cf884fb6ecd20a4
[2025-08-23 15:31:59] INFO: User updated successfully :6899d6658cf884fb6ecd20a4
[2025-08-23 15:32:04] INFO: Updating user with ID:6899d6658cf884fb6ecd20a4
[2025-08-23 15:32:04] INFO: User updated successfully :6899d6658cf884fb6ecd20a4
[2025-08-23 17:50:29] INFO: Updating user with ID:6899d6658cf884fb6ecd20a4
[2025-08-23 17:50:29] INFO: User updated successfully :6899d6658cf884fb6ecd20a4
[2025-08-23 17:51:44] INFO: Updating user with ID:6899d6658cf884fb6ecd20a4
[2025-08-23 17:51:44] INFO: User updated successfully :6899d6658cf884fb6ecd20a4
[2025-08-23 17:51:55] INFO: Updating user with ID:6899d6658cf884fb6ecd20a4
[2025-08-23 17:51:55] INFO: User updated successfully :6899d6658cf884fb6ecd20a4
[2025-08-23 17:52:03] INFO: Updating user with ID:6899d6658cf884fb6ecd20a4
[2025-08-23 17:52:03] INFO: User updated successfully :6899d6658cf884fb6ecd20a4
[2025-08-23 17:53:15] INFO: Updating user with ID:6899d6658cf884fb6ecd20a4
[2025-08-23 17:53:15] INFO: User updated successfully :6899d6658cf884fb6ecd20a4
[2025-08-23 17:53:41] INFO: Updating user with ID:6899d6658cf884fb6ecd20a4
[2025-08-23 17:53:41] INFO: User updated successfully :6899d6658cf884fb6ecd20a4
[2025-08-23 17:53:56] INFO: Updating user with ID:6899d6658cf884fb6ecd20a4
[2025-08-23 17:53:56] INFO: User updated successfully :6899d6658cf884fb6ecd20a4
[2025-08-23 17:54:07] INFO: Updating user with ID:6899d6658cf884fb6ecd20a4
[2025-08-23 17:54:07] INFO: User updated successfully :6899d6658cf884fb6ecd20a4
[2025-08-23 17:57:32] INFO: Updating user with ID:6899d6658cf884fb6ecd20a4
[2025-08-23 17:57:32] INFO: User updated successfully :6899d6658cf884fb6ecd20a4
[2025-08-23 17:57:42] INFO: Updating user with ID:6899d6658cf884fb6ecd20a4
[2025-08-23 17:57:42] INFO: User updated successfully :6899d6658cf884fb6ecd20a4
[2025-08-23 17:58:07] INFO: Updating user with ID:6899d6658cf884fb6ecd20a4
[2025-08-23 17:58:07] INFO: User updated successfully :6899d6658cf884fb6ecd20a4
[2025-08-23 17:58:14] INFO: Updating user with ID:6899d6658cf884fb6ecd20a4
[2025-08-23 17:58:14] INFO: User updated successfully :6899d6658cf884fb6ecd20a4
[2025-08-23 18:22:15] INFO: Updating user with ID:6899d6658cf884fb6ecd20a4
[2025-08-23 18:22:15] INFO: User updated successfully :6899d6658cf884fb6ecd20a4
[2025-08-23 18:22:24] INFO: Updating user with ID:6899d6658cf884fb6ecd20a4
[2025-08-23 18:22:24] INFO: User updated successfully :6899d6658cf884fb6ecd20a4
[2025-08-23 18:37:26] INFO: Updating user with ID:6899d6658cf884fb6ecd20a4
[2025-08-23 18:37:26] INFO: User updated successfully :6899d6658cf884fb6ecd20a4
[2025-08-23 19:37:08] INFO: Updating user with ID:6899d6658cf884fb6ecd20a4
[2025-08-23 19:37:08] INFO: User updated successfully :6899d6658cf884fb6ecd20a4
[2025-08-23 19:37:59] INFO: Updating user with ID:6899d6658cf884fb6ecd20a4
[2025-08-23 19:37:59] INFO: User updated successfully :6899d6658cf884fb6ecd20a4
[2025-08-24 07:28:30] INFO: Updating user with ID:6899d6658cf884fb6ecd20a4
[2025-08-24 07:28:30] INFO: User updated successfully :6899d6658cf884fb6ecd20a4
[2025-08-24 07:34:57] INFO: Updating user with ID:6899d6658cf884fb6ecd20a4
[2025-08-24 07:34:57] INFO: User updated successfully :6899d6658cf884fb6ecd20a4
[2025-08-24 07:36:13] INFO: Updating user with ID:6899d6658cf884fb6ecd20a4
[2025-08-24 07:36:13] INFO: User updated successfully :6899d6658cf884fb6ecd20a4
[2025-08-24 07:41:54] INFO: Updating user with ID:6899d6658cf884fb6ecd20a4
[2025-08-24 07:41:54] INFO: User updated successfully :6899d6658cf884fb6ecd20a4
[2025-08-24 07:42:01] INFO: Updating user with ID:6899d6658cf884fb6ecd20a4
[2025-08-24 07:42:01] INFO: User updated successfully :6899d6658cf884fb6ecd20a4
[2025-08-24 07:43:13] INFO: Updating user with ID:6899d6658cf884fb6ecd20a4
[2025-08-24 07:43:13] INFO: User updated successfully :6899d6658cf884fb6ecd20a4
[2025-08-24 07:44:03] INFO: Updating user with ID:6899d6658cf884fb6ecd20a4
[2025-08-24 07:44:03] INFO: User updated successfully :6899d6658cf884fb6ecd20a4
[2025-08-24 07:47:02] INFO: Updating user with ID:6899d6658cf884fb6ecd20a4
[2025-08-24 07:47:02] INFO: User updated successfully :6899d6658cf884fb6ecd20a4
[2025-08-24 07:47:08] INFO: Updating user with ID:6899d6658cf884fb6ecd20a4
[2025-08-24 07:47:08] INFO: User updated successfully :6899d6658cf884fb6ecd20a4
[2025-08-24 07:49:56] INFO: Updating user with ID:6899d6658cf884fb6ecd20a4
[2025-08-24 07:49:57] INFO: User updated successfully :6899d6658cf884fb6ecd20a4
[2025-08-24 07:50:46] INFO: Updating user with ID:6899d6658cf884fb6ecd20a4
[2025-08-24 07:50:46] INFO: User updated successfully :6899d6658cf884fb6ecd20a4
[2025-08-24 07:51:05] INFO: Updating user with ID:6899d6658cf884fb6ecd20a4
[2025-08-24 07:51:05] INFO: User updated successfully :6899d6658cf884fb6ecd20a4
[2025-08-24 07:51:32] INFO: Updating user with ID:689af8e7bac561b48ea34b39
[2025-08-24 07:51:32] INFO: User updated successfully :689af8e7bac561b48ea34b39
[2025-08-24 07:52:06] INFO: Updating user with ID:689af8e7bac561b48ea34b39
[2025-08-24 07:52:06] INFO: User updated successfully :689af8e7bac561b48ea34b39
[2025-08-24 07:54:05] INFO: Updating user with ID:689af8e7bac561b48ea34b39
[2025-08-24 07:54:05] INFO: User updated successfully :689af8e7bac561b48ea34b39
[2025-08-24 07:54:26] INFO: Updating user with ID:689af8e7bac561b48ea34b39
[2025-08-24 07:54:26] INFO: User updated successfully :689af8e7bac561b48ea34b39
[2025-08-24 07:57:19] INFO: Updating user with ID:689af8e7bac561b48ea34b39
[2025-08-24 07:57:19] INFO: User updated successfully :689af8e7bac561b48ea34b39
[2025-08-24 08:06:27] INFO: Updating user with ID:689af8e7bac561b48ea34b39
[2025-08-24 08:06:27] INFO: User updated successfully :689af8e7bac561b48ea34b39
[2025-08-24 09:24:45] INFO: Updating user with ID:6899d6658cf884fb6ecd20a4
[2025-08-24 09:24:45] INFO: User updated successfully :6899d6658cf884fb6ecd20a4
[2025-08-24 09:25:35] INFO: Updating user with ID:6899d6658cf884fb6ecd20a4
[2025-08-24 09:25:35] INFO: User updated successfully :6899d6658cf884fb6ecd20a4
[2025-08-24 21:06:25] INFO: Updating user with ID:6899d6658cf884fb6ecd20a4
[2025-08-24 21:06:25] INFO: User updated successfully :6899d6658cf884fb6ecd20a4
[2025-08-25 07:12:15] INFO: Updating user with ID:6899d6658cf884fb6ecd20a4
[2025-08-25 07:12:15] INFO: User updated successfully :6899d6658cf884fb6ecd20a4
[2025-08-25 07:25:44] INFO: Updating user with ID:6899d6658cf884fb6ecd20a4
[2025-08-25 07:25:44] INFO: User updated successfully :6899d6658cf884fb6ecd20a4
[2025-08-25 07:29:22] INFO: Updating user with ID:6899d6658cf884fb6ecd20a4
[2025-08-25 07:29:22] INFO: User updated successfully :6899d6658cf884fb6ecd20a4
